<?xml version="1.0" encoding="UTF-8"?>
<!-- Generated by org.testng.reporters.JUnitReportReporter -->
<testsuite skipped="0" hostname="LAPTOP-QKAIPT88" name="com.tyss.myntraTestScript.EditAddressTest" tests="1" failures="0" timestamp="2020-04-06T20:02:28 IST" time="16.765" errors="0">
  <testcase name="test" time="16.765" classname="com.tyss.myntraTestScript.EditAddressTest"/>
</testsuite> <!-- com.tyss.myntraTestScript.EditAddressTest -->
