<?xml version="1.0" encoding="UTF-8"?>
<!-- Generated by org.testng.reporters.JUnitReportReporter -->
<testsuite skipped="0" hostname="LAPTOP-QKAIPT88" name="com.tyss.myntraTestScript.Test5" tests="1" failures="0" timestamp="2020-04-06T18:34:10 IST" time="5.070" errors="0">
  <testcase name="test" time="5.070" classname="com.tyss.myntraTestScript.Test5"/>
</testsuite> <!-- com.tyss.myntraTestScript.Test5 -->
