<?xml version="1.0" encoding="UTF-8"?>
<!-- Generated by org.testng.reporters.JUnitReportReporter -->
<testsuite skipped="0" hostname="LAPTOP-QKAIPT88" name="com.tyss.myntraTestScript.Test4" tests="1" failures="0" timestamp="2020-04-06T18:25:59 IST" time="12.660" errors="0">
  <testcase name="test" time="12.660" classname="com.tyss.myntraTestScript.Test4"/>
</testsuite> <!-- com.tyss.myntraTestScript.Test4 -->
